-------------------------------------------------------------------------------
Test set: org.activiti.engine.test.api.event.ModelEventsTest
-------------------------------------------------------------------------------
Tests run: 1, Failures: 1, Errors: 0, Skipped: 0, Time elapsed: 0.027 sec <<< FAILURE!
testModelEvents(org.activiti.engine.test.api.event.ModelEventsTest)  Time elapsed: 0.026 sec  <<< FAILURE!
java.lang.AssertionError: DB NOT CLEAN: 
  ACT_RU_EVENT_SUBSCR: 1 record(s)   ACT_GE_BYTEARRAY: 5 record(s)   ACT_RU_TASK: 5 record(s)   ACT_RE_DEPLOYMENT: 5 record(s)   ACT_RE_PROCDEF: 5 record(s)   ACT_HI_PROCINST: 5 record(s)   ACT_RU_JOB: 2 record(s)   ACT_HI_ACTINST: 16 record(s)   ACT_RU_EXECUTION: 10 record(s)   ACT_HI_TASKINST: 5 record(s) 
	at org.junit.Assert.fail(Assert.java:88)
	at org.activiti.engine.impl.test.AbstractActivitiTestCase.assertAndEnsureCleanDb(AbstractActivitiTestCase.java:171)
	at org.activiti.engine.impl.test.AbstractActivitiTestCase.runBare(AbstractActivitiTestCase.java:125)
	at junit.framework.TestResult$1.protect(TestResult.java:122)
	at junit.framework.TestResult.runProtected(TestResult.java:142)
	at junit.framework.TestResult.run(TestResult.java:125)
	at junit.framework.TestCase.run(TestCase.java:129)
	at junit.framework.TestSuite.runTest(TestSuite.java:255)
	at junit.framework.TestSuite.run(TestSuite.java:250)
	at org.junit.internal.runners.JUnit38ClassRunner.run(JUnit38ClassRunner.java:84)
	at org.apache.maven.surefire.junit4.JUnit4TestSet.execute(JUnit4TestSet.java:35)
	at org.apache.maven.surefire.junit4.JUnit4Provider.executeTestSet(JUnit4Provider.java:146)
	at org.apache.maven.surefire.junit4.JUnit4Provider.invoke(JUnit4Provider.java:97)
	at sun.reflect.NativeMethodAccessorImpl.invoke0(Native Method)
	at sun.reflect.NativeMethodAccessorImpl.invoke(NativeMethodAccessorImpl.java:62)
	at sun.reflect.DelegatingMethodAccessorImpl.invoke(DelegatingMethodAccessorImpl.java:43)
	at java.lang.reflect.Method.invoke(Method.java:498)
	at org.apache.maven.surefire.booter.ProviderFactory$ClassLoaderProxy.invoke(ProviderFactory.java:103)
	at com.sun.proxy.$Proxy0.invoke(Unknown Source)
	at org.apache.maven.surefire.booter.SurefireStarter.invokeProvider(SurefireStarter.java:145)
	at org.apache.maven.surefire.booter.SurefireStarter.runSuitesInProcess(SurefireStarter.java:87)
	at org.apache.maven.surefire.booter.ForkedBooter.main(ForkedBooter.java:69)

